<?xml version="1.0" encoding="UTF-8"?>
<!-- Generated by org.testng.reporters.JUnitXMLReporter -->
<testsuite hostname="I4DEVL011" ignored="0" name="SmokeTest.java" tests="3" failures="0" timestamp="2025-08-22T13:09:51 EEST" time="32.799" errors="0">
  <testcase name="runScenario" time="9.458" classname="io.cucumber.testng.AbstractTestNGCucumberTests"/>
  <testcase name="runScenario" time="9.231" classname="io.cucumber.testng.AbstractTestNGCucumberTests"/>
  <testcase name="runScenario" time="13.434" classname="io.cucumber.testng.AbstractTestNGCucumberTests"/>
</testsuite> <!-- SmokeTest.java -->
