<?xml version="1.0" encoding="UTF-8"?>
<!-- Generated by org.testng.reporters.JUnitXMLReporter -->
<testsuite hostname="I4DEVL011" ignored="0" name="Across Jenkins Smoke Test" tests="3" failures="0" timestamp="2025-08-22T15:04:19 EEST" time="31.947" errors="0">
  <testcase name="runScenario" time="8.695" classname="io.cucumber.testng.AbstractTestNGCucumberTests"/>
  <testcase name="runScenario" time="8.747" classname="io.cucumber.testng.AbstractTestNGCucumberTests"/>
  <testcase name="runScenario" time="13.831" classname="io.cucumber.testng.AbstractTestNGCucumberTests"/>
</testsuite> <!-- Across Jenkins Smoke Test -->
