<?xml version="1.0" encoding="UTF-8"?>
<!-- Generated by org.testng.reporters.JUnitXMLReporter -->
<testsuite hostname="I4DEVL011" ignored="0" name="Across Jenkins Smoke Test" tests="3" failures="0" timestamp="2025-08-22T13:58:17 EEST" time="35.19" errors="0">
  <testcase name="runScenario" time="9.604" classname="io.cucumber.testng.AbstractTestNGCucumberTests"/>
  <testcase name="runScenario" time="9.181" classname="io.cucumber.testng.AbstractTestNGCucumberTests"/>
  <testcase name="runScenario" time="15.721" classname="io.cucumber.testng.AbstractTestNGCucumberTests"/>
</testsuite> <!-- Across Jenkins Smoke Test -->
