<?xml version="1.0" encoding="UTF-8"?>
<testng-results skipped="0" failed="0" ignored="0" total="3" passed="3">
  <reporter-output>
  </reporter-output>
  <suite name="Jenkins Test Suite" duration-ms="32799" started-at="2025-08-22T13:09:18 EEST" finished-at="2025-08-22T13:09:51 EEST">
    <groups>
      <group name="cucumber">
        <method signature="AbstractTestNGCucumberTests.runScenario(io.cucumber.testng.PickleWrapper,io.cucumber.testng.FeatureWrapper)[pri:0, instance:Runners.SmokeTestRunner@1b26f7b2]" name="runScenario" class="io.cucumber.testng.AbstractTestNGCucumberTests"/>
      </group> <!-- cucumber -->
    </groups>
    <test name="SmokeTest.java" duration-ms="32799" started-at="2025-08-22T13:09:18 EEST" finished-at="2025-08-22T13:09:51 EEST">
      <class name="Runners.SmokeTestRunner">
        <test-method status="PASS" signature="setUpClass(org.testng.ITestContext)[pri:0, instance:Runners.SmokeTestRunner@1b26f7b2]" name="setUpClass" is-config="true" duration-ms="395" started-at="2025-08-22T13:09:18 EEST" finished-at="2025-08-22T13:09:19 EEST">
          <params>
            <param index="0">
              <value>
                <![CDATA[org.testng.TestRunner@6424e613]]>
              </value>
            </param>
          </params>
          <reporter-output>
          </reporter-output>
        </test-method> <!-- setUpClass -->
        <test-method status="PASS" signature="runScenario(io.cucumber.testng.PickleWrapper,io.cucumber.testng.FeatureWrapper)[pri:0, instance:Runners.SmokeTestRunner@1b26f7b2]" name="runScenario" duration-ms="9458" started-at="2025-08-22T13:09:19 EEST" description="Runs Cucumber Scenarios" data-provider="scenarios" finished-at="2025-08-22T13:09:28 EEST">
          <params>
            <param index="0">
              <value>
                <![CDATA["TC-01 Login with valid username and valid password"]]>
              </value>
            </param>
            <param index="1">
              <value>
                <![CDATA["Login Functionality"]]>
              </value>
            </param>
          </params>
          <reporter-output>
          </reporter-output>
        </test-method> <!-- runScenario -->
        <test-method status="PASS" signature="runScenario(io.cucumber.testng.PickleWrapper,io.cucumber.testng.FeatureWrapper)[pri:0, instance:Runners.SmokeTestRunner@1b26f7b2]" name="runScenario" duration-ms="9231" started-at="2025-08-22T13:09:28 EEST" description="Runs Cucumber Scenarios" data-provider="scenarios" finished-at="2025-08-22T13:09:37 EEST">
          <params>
            <param index="0">
              <value>
                <![CDATA["TC-01 Login with valid username and valid password"]]>
              </value>
            </param>
            <param index="1">
              <value>
                <![CDATA["Logout Functionality"]]>
              </value>
            </param>
          </params>
          <reporter-output>
          </reporter-output>
        </test-method> <!-- runScenario -->
        <test-method status="PASS" signature="runScenario(io.cucumber.testng.PickleWrapper,io.cucumber.testng.FeatureWrapper)[pri:0, instance:Runners.SmokeTestRunner@1b26f7b2]" name="runScenario" duration-ms="13434" started-at="2025-08-22T13:09:37 EEST" description="Runs Cucumber Scenarios" data-provider="scenarios" finished-at="2025-08-22T13:09:51 EEST">
          <params>
            <param index="0">
              <value>
                <![CDATA["TC-03 Create a new Device"]]>
              </value>
            </param>
            <param index="1">
              <value>
                <![CDATA["Devices Creation"]]>
              </value>
            </param>
          </params>
          <reporter-output>
          </reporter-output>
        </test-method> <!-- runScenario -->
        <test-method status="PASS" signature="tearDownClass()[pri:0, instance:Runners.SmokeTestRunner@1b26f7b2]" name="tearDownClass" is-config="true" duration-ms="258" started-at="2025-08-22T13:09:51 EEST" finished-at="2025-08-22T13:09:51 EEST">
          <reporter-output>
          </reporter-output>
        </test-method> <!-- tearDownClass -->
      </class> <!-- Runners.SmokeTestRunner -->
    </test> <!-- SmokeTest.java -->
  </suite> <!-- Jenkins Test Suite -->
</testng-results>
