<?xml version="1.0" encoding="UTF-8"?>
<testsuite xmlns:xsi="http://www.w3.org/2001/XMLSchema-instance" xsi:noNamespaceSchemaLocation="https://maven.apache.org/surefire/maven-surefire-plugin/xsd/surefire-test-report.xsd" name="TestSuite" time="33.247" tests="3" errors="0" skipped="0" failures="0">
  <properties>
[...]
</properties>
  <testcase name="runScenario" classname="Runners.SmokeTestRunner" time="9.463"/>
  <testcase name="runScenario" classname="Runners.SmokeTestRunner" time="9.227"/>
  <testcase name="runScenario" classname="Runners.SmokeTestRunner" time="13.435"/>
</testsuite>